{'md5': '44d88612fea8a8f36de82e1278abb02f',
 'permalink': 'https://www.virustotal.com/file/275a021bbfb6489e54d471899f7db9d1663fc695ec2fe2a2c4538aabf651fd0f/analysis/1582485019/',
 'positives': 65,
 'resource': '275a021bbfb6489e54d471899f7db9d1663fc695ec2fe2a2c4538aabf651fd0f',
 'response_code': 1,
 'scan_date': '2020-02-23 19:10:19',
 'scan_id': '275a021bbfb6489e54d471899f7db9d1663fc695ec2fe2a2c4538aabf651fd0f-1582485019',
 'scans': {'ALYac': {'detected': True,
                     'result': 'Misc.Eicar-Test-File',
                     'update': '20200223',
                     'version': '1.1.1.5'},
           'APEX': {'detected': True,
                    'result': 'EICAR Anti-Virus Test File',
                    'update': '20200222',
                    'version': '5.121'},
           'AVG': {'detected': True,
                   'result': 'EICAR Test-NOT virus!!!',
                   'update': '20200223',
                   'version': '18.4.3895.0'},
           'Ad-Aware': {'detected': True,
                        'result': 'EICAR-Test-File (not a virus)',
                        'update': '20200223',
                        'version': '3.0.5.370'},
           'AegisLab': {'detected': True,
                        'result': 'Test.File.EICAR.y!c',
                        'update': '20200220',
                        'version': '4.2'},
           'AhnLab-V3': {'detected': True,
                         'result': 'Virus/EICAR_Test_File',
                         'update': '20200223',
                         'version': '3.17.1.26513'},
           'Alibaba': {'detected': True,
                       'result': 'Trojan:MacOS/eicar.com',
                       'update': '20190527',
                       'version': '0.3.0.5'},
           'Antiy-AVL': {'detected': True,
                         'result': 'TestFile/Win32.EICAR',
                         'update': '20200223',
                         'version': '3.0.0.1'},
           'Arcabit': {'detected': True,
                       'result': 'EICAR-Test-File (not a virus)',
                       'update': '20200223',
                       'version': '1.0.0.869'},
           'Avast': {'detected': True,
                     'result': 'EICAR Test-NOT virus!!!',
                     'update': '20200223',
                     'version': '18.4.3895.0'},
           'Avast-Mobile': {'detected': True,
                            'result': 'Eicar',
                            'update': '20200221',
                            'version': '200221-00'},
           'Avira': {'detected': True,
                     'result': 'Eicar-Test-Signature',
                     'update': '20200223',
                     'version': '8.3.3.8'},
           'Baidu': {'detected': True,
                     'result': 'Win32.Test.Eicar.a',
                     'update': '20190318',
                     'version': '1.0.0.2'},
           'BitDefender': {'detected': True,
                           'result': 'EICAR-Test-File (not a virus)',
                           'update': '20200223',
                           'version': '7.2'},
           'BitDefenderTheta': {'detected': True,
                                'result': 'EICAR-Test-File (not a virus)',
                                'update': '20200211',
                                'version': '7.2.37796.0'},
           'Bkav': {'detected': True,
                    'result': 'DOS.EiracA.Trojan',
                    'update': '20200221',
                    'version': '1.3.0.9899'},
           'CAT-QuickHeal': {'detected': True,
                             'result': 'EICAR.TestFile',
                             'update': '20200223',
                             'version': '14.00'},
           'CMC': {'detected': True,
                   'result': 'Eicar.test.file',
                   'update': '20190321',
                   'version': '1.1.0.977'},
           'ClamAV': {'detected': True,
                      'result': 'Win.Test.EICAR_HDB-1',
                      'update': '20200223',
                      'version': '0.102.2.0'},
           'Comodo': {'detected': True,
                      'result': 'ApplicUnwnt@#2975xfk8s2pq1',
                      'update': '20200223',
                      'version': '32121'},
           'Cyren': {'detected': True,
                     'result': 'EICAR_Test_File',
                     'update': '20200223',
                     'version': '6.2.2.2'},
           'DrWeb': {'detected': True,
                     'result': 'EICAR Test File (NOT a Virus!)',
                     'update': '20200223',
                     'version': '7.0.44.12030'},
           'ESET-NOD32': {'detected': True,
                          'result': 'Eicar test file',
                          'update': '20200223',
                          'version': '20888'},
           'Emsisoft': {'detected': True,
                        'result': 'EICAR-Test-File (not a virus) (B)',
                        'update': '20200223',
                        'version': '2018.12.0.1641'},
           'Endgame': {'detected': True,
                       'result': 'eicar',
                       'update': '20200131',
                       'version': '3.0.16'},
           'F-Prot': {'detected': True,
                      'result': 'EICAR_Test_File',
                      'update': '20200223',
                      'version': '4.7.1.166'},
           'F-Secure': {'detected': True,
                        'result': 'EICAR_Test_File',
                        'update': '20200223',
                        'version': '12.0.86.52'},
           'FireEye': {'detected': True,
                       'result': 'EICAR-Test-File (not a virus)',
                       'update': '20200223',
                       'version': '29.7.0.0'},
           'Fortinet': {'detected': True,
                        'result': 'EICAR_TEST_FILE',
                        'update': '20200223',
                        'version': '6.2.142.0'},
           'GData': {'detected': True,
                     'result': 'EICAR_TEST_FILE',
                     'update': '20200223',
                     'version': 'A:25.24970B:26.17787'},
           'Ikarus': {'detected': True,
                      'result': 'EICAR-Test-File',
                      'update': '20200223',
                      'version': '0.1.5.2'},
           'Jiangmin': {'detected': True,
                        'result': 'EICAR-Test-File',
                        'update': '20200223',
                        'version': '16.0.100'},
           'K7AntiVirus': {'detected': True,
                           'result': 'EICAR_Test_File',
                           'update': '20200223',
                           'version': '11.95.33368'},
           'K7GW': {'detected': True,
                    'result': 'EICAR_Test_File',
                    'update': '20200223',
                    'version': '11.95.33368'},
           'Kaspersky': {'detected': True,
                         'result': 'EICAR-Test-File',
                         'update': '20200223',
                         'version': '15.0.1.13'},
           'Kingsoft': {'detected': True,
                        'result': 'Test.eicar.aa',
                        'update': '20200223',
                        'version': '2013.8.14.323'},
           'MAX': {'detected': True,
                   'result': 'malware (ai score=100)',
                   'update': '20200223',
                   'version': '2019.9.16.1'},
           'Malwarebytes': {'detected': False,
                            'result': None,
                            'update': '20200223',
                            'version': '3.6.4.330'},
           'MaxSecure': {'detected': True,
                         'result': 'Virus.COM.Eicar.TestFile',
                         'update': '20200222',
                         'version': '1.0.0.1'},
           'McAfee': {'detected': True,
                      'result': 'EICAR test file',
                      'update': '20200223',
                      'version': '6.0.6.653'},
           'McAfee-GW-Edition': {'detected': True,
                                 'result': 'EICAR test file',
                                 'update': '20200223',
                                 'version': 'v2017.3010'},
           'MicroWorld-eScan': {'detected': True,
                                'result': 'EICAR-Test-File',
                                'update': '20200223',
                                'version': '14.0.409.0'},
           'Microsoft': {'detected': True,
                         'result': 'Virus:DOS/EICAR_Test_File',
                         'update': '20200223',
                         'version': '1.1.16700.3'},
           'NANO-Antivirus': {'detected': True,
                              'result': 'Marker.Dos.EICAR-Test-File.dyb',
                              'update': '20200223',
                              'version': '1.0.134.25032'},
           'Panda': {'detected': True,
                     'result': 'EICAR-AV-TEST-FILE',
                     'update': '20200223',
                     'version': '4.6.4.2'},
           'Qihoo-360': {'detected': True,
                         'result': 'qex.eicar.gen.gen',
                         'update': '20200223',
                         'version': '1.0.0.1120'},
           'Rising': {'detected': True,
                      'result': 'EICAR-Test-File (CLASSIC)',
                      'update': '20200223',
                      'version': '25.0.0.24'},
           'SUPERAntiSpyware': {'detected': True,
                                'result': 'NotAThreat.EICAR[TestFile]',
                                'update': '20200221',
                                'version': '5.6.0.1032'},
           'Sangfor': {'detected': True,
                       'result': 'Malware',
                       'update': '20200221',
                       'version': '1.0'},
           'SentinelOne': {'detected': True,
                           'result': 'DFI - Malicious COM',
                           'update': '20200220',
                           'version': '2.0.0.2603'},
           'Sophos': {'detected': True,
                      'result': 'EICAR-AV-Test',
                      'update': '20200223',
                      'version': '4.98.0'},
           'Symantec': {'detected': True,
                        'result': 'EICAR Test String',
                        'update': '20200223',
                        'version': '1.11.0.0'},
           'SymantecMobileInsight': {'detected': True,
                                     'result': 'ALG:EICAR Test String',
                                     'update': '20200210',
                                     'version': '2.0'},
           'TACHYON': {'detected': True,
                       'result': 'EICAR-Test-File',
                       'update': '20200223',
                       'version': '2020-02-23.02'},
           'Tencent': {'detected': True,
                       'result': 'EICAR.TEST.NOT-A-VIRUS',
                       'update': '20200223',
                       'version': '1.0.0.1'},
           'TotalDefense': {'detected': True,
                            'result': 'the EICAR test string',
                            'update': '20200223',
                            'version': '37.1.62.1'},
           'TrendMicro': {'detected': True,
                          'result': 'Eicar_test_file',
                          'update': '20200223',
                          'version': '11.0.0.1006'},
           'TrendMicro-HouseCall': {'detected': True,
                                    'result': 'Eicar_test_file',
                                    'update': '20200223',
                                    'version': '10.0.0.1040'},
           'VBA32': {'detected': True,
                     'result': 'EICAR-Test-File',
                     'update': '20200221',
                     'version': '4.3.0'},
           'VIPRE': {'detected': True,
                     'result': 'EICAR (v)',
                     'update': '20200223',
                     'version': '81742'},
           'ViRobot': {'detected': True,
                       'result': 'EICAR-test',
                       'update': '20200223',
                       'version': '2014.3.20.0'},
           'Webroot': {'detected': True,
                       'result': 'W32.Eicar.Testvirus.Gen',
                       'update': '20200223',
                       'version': '1.0.0.403'},
           'Yandex': {'detected': True,
                      'result': 'EICAR_test_file',
                      'update': '20200221',
                      'version': '5.5.2.24'},
           'Zillya': {'detected': True,
                      'result': 'EICAR.TestFile',
                      'update': '20200221',
                      'version': '2.0.0.4031'},
           'ZoneAlarm': {'detected': True,
                         'result': 'EICAR-Test-File',
                         'update': '20200223',
                         'version': '1.0'},
           'Zoner': {'detected': True,
                     'result': 'EICAR.Test.File-NoVirus.250',
                     'update': '20200222',
                     'version': '1.0.0.1'}},
 'sha1': '3395856ce81f2b7382dee72602f798b642f14140',
 'sha256': '275a021bbfb6489e54d471899f7db9d1663fc695ec2fe2a2c4538aabf651fd0f',
 'total': 66,
 'verbose_msg': 'Scan finished, information embedded'}
